1718801072964|15|statement|select * from information_schema.sequences
1718801073003|16|statement|create table account (account_id bigserial not null, birth_date timestamp(6), description varchar(255), email varchar(255) not null, password varchar(255) not null, rating float4, address_id bigint, primary key (account_id))
1718801073005|1|statement|create table account_preferences (account_account_id bigint not null, preferences varchar(255))
1718801073011|4|statement|create table address (address_id bigserial not null, city varchar(255), post_code varchar(255), street_name varchar(255), street_number varchar(255), primary key (address_id))
1718801073014|2|statement|create table board_game_event (board_game_event_id bigserial not null, bring_your_own boolean, primary key (board_game_event_id))
1718801073014|0|statement|create table board_game_event_board_games (board_game_event_board_game_event_id bigint not null, board_games varchar(255))
1718801073019|4|statement|create table comment (comment_id bigserial not null, content varchar(255), rating integer, title varchar(255), sender_id bigint, target_id bigint, primary key (comment_id))
1718801073025|4|statement|create table event (event_id bigserial not null, alcool_allowed boolean, capacity integer, date timestamp(6), description varchar(255), event_type varchar(255) check (event_type in ('LAN_EVENT','BOARD_GAME_EVENT','PARTY_EVENT')), name varchar(255), price float4, address bigint, organize bigint, primary key (event_id))
1718801073026|1|statement|create table event_demands (event_id bigint not null, is_accepted boolean)
1718801073027|0|statement|create table event_participants (event_id bigint not null, account_id bigint not null)
1718801073028|0|statement|create table event_requirements (event_event_id bigint not null, requirements varchar(255))
1718801073031|2|statement|create table lan_event (lan_event_id bigserial not null, bring_your_own boolean, console varchar(255) check (console in ('PC','PLAYSTATION','XBOX','NINTENDO','OTHER')), primary key (lan_event_id))
1718801073032|0|statement|create table lan_event_video_games (lan_event_lan_event_id bigint not null, video_games varchar(255))
1718801073035|2|statement|create table party_event (party_event_id bigserial not null, primary key (party_event_id))
1718801073035|0|statement|create table party_event_music_type (party_event_party_event_id bigint not null, music_type varchar(255))
1718801073038|2|statement|alter table if exists account drop constraint if exists UK_q0uja26qgu1atulenwup9rxyr
1718801073042|2|statement|alter table if exists account add constraint UK_q0uja26qgu1atulenwup9rxyr unique (email)
1718801073042|0|statement|alter table if exists account drop constraint if exists UK_q4mt85fqye0pwgamg8vlw8mrb
1718801073045|2|statement|alter table if exists account add constraint UK_q4mt85fqye0pwgamg8vlw8mrb unique (address_id)
1718801073045|0|statement|alter table if exists event drop constraint if exists UK_t1o2hx7tpb3cwarktwyv4q1wf
1718801073048|1|statement|alter table if exists event add constraint UK_t1o2hx7tpb3cwarktwyv4q1wf unique (address)
1718801073054|5|statement|alter table if exists account add constraint FK9lna4d7ow9qbs27m5psafys58 foreign key (address_id) references address
1718801073055|0|statement|alter table if exists account_preferences add constraint FKdmps786x9o49yhxrgnujeoiav foreign key (account_account_id) references account
1718801073057|1|statement|alter table if exists board_game_event_board_games add constraint FKi9tuaqsnskyul53gwjf7ajjxl foreign key (board_game_event_board_game_event_id) references board_game_event
1718801073058|1|statement|alter table if exists comment add constraint FKopnr8afyrggpnjxhx0u99m20q foreign key (sender_id) references account
1718801073059|0|statement|alter table if exists comment add constraint FKuyejbcvujay8hcguf0ueavl8 foreign key (target_id) references account
1718801073061|1|statement|alter table if exists event add constraint FKnecpekdvfo3ndygsii3wl3meu foreign key (address) references address
1718801073062|0|statement|alter table if exists event add constraint FKcj3kw078e6io5g5yu50rvlvlj foreign key (organize) references account
1718801073063|0|statement|alter table if exists event_demands add constraint FKqc53iv4949k1hnov3eba3wdkv foreign key (event_id) references event
1718801073064|0|statement|alter table if exists event_participants add constraint FKhk2mb30bhcpv9qraph8sdvylb foreign key (account_id) references account
1718801073065|0|statement|alter table if exists event_participants add constraint FK5232w1ta0icpkemgsxyw8a976 foreign key (event_id) references event
1718801073066|0|statement|alter table if exists event_requirements add constraint FKb3bnmteaa3w99fdkepdt17iu3 foreign key (event_event_id) references event
1718801073067|1|statement|alter table if exists lan_event_video_games add constraint FKol4ggak7evrsd46ungt225qan foreign key (lan_event_lan_event_id) references lan_event
1718801073069|1|statement|alter table if exists party_event_music_type add constraint FKov7wjp62hswr8hfsr6shkkvo6 foreign key (party_event_party_event_id) references party_event
1718801918530|6|statement|select * from information_schema.sequences
1718801918555|2|statement|alter table if exists account add column address bigint
1718801918556|0|statement|alter table if exists comment add column sender bigint
1718801918557|0|statement|alter table if exists comment add column target bigint
1718801918572|1|statement|alter table if exists account drop constraint if exists UK_sa3ur84gbq08s7gjbdo9irci1
1718801918576|3|statement|alter table if exists account add constraint UK_sa3ur84gbq08s7gjbdo9irci1 unique (address)
1718801918598|0|statement|select * from "public"."address" where 1=0
1718801918608|3|statement|alter table if exists account add constraint FK6vu7ra4kvrq5nsqq9bclb9ods foreign key (address) references address
1718801918618|0|statement|select * from "public"."account" where 1=0
1718801918630|0|statement|select * from "public"."board_game_event" where 1=0
1718801918641|0|statement|select * from "public"."account" where 1=0
1718801918642|0|statement|select * from "public"."account" where 1=0
1718801918644|1|statement|alter table if exists comment add constraint FKddwcdp3p5kbn0tu4weld9muu foreign key (sender) references account
1718801918645|0|statement|alter table if exists comment add constraint FKjsnehp6m8jh0yqekg0koi670c foreign key (target) references account
1718801918654|0|statement|select * from "public"."account" where 1=0
1718801918656|0|statement|select * from "public"."address" where 1=0
1718801918665|1|statement|select * from "public"."event" where 1=0
1718801918675|1|statement|select * from "public"."account" where 1=0
1718801918677|0|statement|select * from "public"."event" where 1=0
1718801918686|0|statement|select * from "public"."event" where 1=0
1718801918694|0|statement|select * from "public"."lan_event" where 1=0
1718801918703|0|statement|select * from "public"."party_event" where 1=0
1718804541118|7|statement|select * from information_schema.sequences
1718804541162|1|statement|select * from "public"."address" where 1=0
1718804541167|0|statement|select * from "public"."address" where 1=0
1718804541176|2|statement|select * from "public"."account" where 1=0
1718804541187|0|statement|select * from "public"."board_game_event" where 1=0
1718804541196|0|statement|select * from "public"."account" where 1=0
1718804541198|0|statement|select * from "public"."account" where 1=0
1718804541199|0|statement|select * from "public"."account" where 1=0
1718804541201|1|statement|select * from "public"."account" where 1=0
1718804541209|0|statement|select * from "public"."account" where 1=0
1718804541210|0|statement|select * from "public"."address" where 1=0
1718804541219|1|statement|select * from "public"."event" where 1=0
1718804541228|0|statement|select * from "public"."account" where 1=0
1718804541229|0|statement|select * from "public"."event" where 1=0
1718804541235|0|statement|select * from "public"."event" where 1=0
1718804541243|0|statement|select * from "public"."lan_event" where 1=0
1718804541252|1|statement|select * from "public"."party_event" where 1=0
1718804612669|5|statement|select * from information_schema.sequences
1718804612701|0|statement|select * from "public"."address" where 1=0
1718804612705|0|statement|select * from "public"."address" where 1=0
1718804612715|1|statement|select * from "public"."account" where 1=0
1718804612725|0|statement|select * from "public"."board_game_event" where 1=0
1718804612733|0|statement|select * from "public"."account" where 1=0
1718804612735|0|statement|select * from "public"."account" where 1=0
1718804612736|0|statement|select * from "public"."account" where 1=0
1718804612738|0|statement|select * from "public"."account" where 1=0
1718804612747|0|statement|select * from "public"."account" where 1=0
1718804612748|0|statement|select * from "public"."address" where 1=0
1718804612757|0|statement|select * from "public"."event" where 1=0
1718804612766|0|statement|select * from "public"."account" where 1=0
1718804612768|0|statement|select * from "public"."event" where 1=0
1718804612775|0|statement|select * from "public"."event" where 1=0
1718804612782|0|statement|select * from "public"."lan_event" where 1=0
1718804612791|0|statement|select * from "public"."party_event" where 1=0
1718804647514|5|statement|select * from information_schema.sequences
1718804647547|0|statement|select * from "public"."address" where 1=0
1718804647552|0|statement|select * from "public"."address" where 1=0
1718804647562|1|statement|select * from "public"."account" where 1=0
1718804647573|0|statement|select * from "public"."board_game_event" where 1=0
1718804647584|0|statement|select * from "public"."account" where 1=0
1718804647586|0|statement|select * from "public"."account" where 1=0
1718804647587|0|statement|select * from "public"."account" where 1=0
1718804647589|0|statement|select * from "public"."account" where 1=0
1718804647597|0|statement|select * from "public"."account" where 1=0
1718804647599|0|statement|select * from "public"."address" where 1=0
1718804647610|1|statement|select * from "public"."event" where 1=0
1718804647622|0|statement|select * from "public"."account" where 1=0
1718804647623|0|statement|select * from "public"."event" where 1=0
1718804647633|0|statement|select * from "public"."event" where 1=0
1718804647644|0|statement|select * from "public"."lan_event" where 1=0
1718804647656|1|statement|select * from "public"."party_event" where 1=0
1718871066580|31|statement|select * from information_schema.sequences
1718871066641|20|statement|create table demand (id bigserial not null, is_accepted boolean, event bigint, account bigint, primary key (id))
1718871066644|1|statement|alter table if exists event add column event_type_id bigint
1718871066645|0|statement|alter table if exists event add column organizer bigint
1718871066677|2|statement|select * from "public"."address" where 1=0
1718871066684|0|statement|select * from "public"."address" where 1=0
1718871066697|3|statement|select * from "public"."account" where 1=0
1718871066709|1|statement|select * from "public"."board_game_event" where 1=0
1718871066720|0|statement|select * from "public"."account" where 1=0
1718871066722|0|statement|select * from "public"."account" where 1=0
1718871066724|0|statement|select * from "public"."account" where 1=0
1718871066726|0|statement|select * from "public"."account" where 1=0
1718871066737|10|statement|alter table if exists demand add constraint FKfkdl28tnwhqbi9999f5a43qqk foreign key (event) references event
1718871066740|3|statement|alter table if exists demand add constraint FK6g2g4f4u4tljlluh82b9aioek foreign key (account) references account
1718871066751|0|statement|select * from "public"."account" where 1=0
1718871066752|0|statement|select * from "public"."address" where 1=0
1718871066754|1|statement|alter table if exists event add constraint FKg2lve37unemw2dcuqp4s6gso1 foreign key (organizer) references account
1718871066762|0|statement|select * from "public"."account" where 1=0
1718871066765|0|statement|select * from "public"."event" where 1=0
1718871066776|0|statement|select * from "public"."event" where 1=0
1718871066785|1|statement|select * from "public"."lan_event" where 1=0
1718871066794|1|statement|select * from "public"."party_event" where 1=0
1718871249842|29|statement|select * from information_schema.sequences
1718871249909|1|statement|select * from "public"."address" where 1=0
1718871249915|0|statement|select * from "public"."address" where 1=0
1718871249932|3|statement|select * from "public"."account" where 1=0
1718871249944|1|statement|select * from "public"."board_game_event" where 1=0
1718871249956|0|statement|select * from "public"."account" where 1=0
1718871249958|0|statement|select * from "public"."account" where 1=0
1718871249959|0|statement|select * from "public"."account" where 1=0
1718871249962|0|statement|select * from "public"."account" where 1=0
1718871249971|0|statement|select * from "public"."account" where 1=0
1718871249974|1|statement|select * from "public"."event" where 1=0
1718871249987|0|statement|select * from "public"."account" where 1=0
1718871249989|0|statement|select * from "public"."account" where 1=0
1718871249991|0|statement|select * from "public"."address" where 1=0
1718871250001|0|statement|select * from "public"."account" where 1=0
1718871250003|0|statement|select * from "public"."event" where 1=0
1718871250014|0|statement|select * from "public"."event" where 1=0
1718871250024|1|statement|select * from "public"."lan_event" where 1=0
1718871250036|1|statement|select * from "public"."party_event" where 1=0
1718871353621|10|statement|select * from information_schema.sequences
1718871353684|2|statement|select * from "public"."address" where 1=0
1718871353690|0|statement|select * from "public"."address" where 1=0
1718871353701|1|statement|select * from "public"."account" where 1=0
1718871353713|1|statement|select * from "public"."board_game_event" where 1=0
1718871353725|0|statement|select * from "public"."account" where 1=0
1718871353727|0|statement|select * from "public"."account" where 1=0
1718871353729|0|statement|select * from "public"."account" where 1=0
1718871353731|0|statement|select * from "public"."account" where 1=0
1718871353741|0|statement|select * from "public"."account" where 1=0
1718871353744|1|statement|select * from "public"."event" where 1=0
1718871353756|0|statement|select * from "public"."account" where 1=0
1718871353758|0|statement|select * from "public"."account" where 1=0
1718871353759|0|statement|select * from "public"."address" where 1=0
1718871353769|0|statement|select * from "public"."account" where 1=0
1718871353771|0|statement|select * from "public"."event" where 1=0
1718871353780|0|statement|select * from "public"."event" where 1=0
1718871353789|0|statement|select * from "public"."lan_event" where 1=0
1718871353801|1|statement|select * from "public"."party_event" where 1=0
1718871425361|8|statement|select * from information_schema.sequences
1718871425416|0|statement|select * from "public"."address" where 1=0
1718871425423|0|statement|select * from "public"."address" where 1=0
1718871425438|2|statement|select * from "public"."account" where 1=0
1718871425451|1|statement|select * from "public"."board_game_event" where 1=0
1718871425463|0|statement|select * from "public"."account" where 1=0
1718871425465|0|statement|select * from "public"."account" where 1=0
1718871425467|0|statement|select * from "public"."account" where 1=0
1718871425470|0|statement|select * from "public"."account" where 1=0
1718871425480|0|statement|select * from "public"."account" where 1=0
1718871425483|1|statement|select * from "public"."event" where 1=0
1718871425495|0|statement|select * from "public"."account" where 1=0
1718871425497|0|statement|select * from "public"."account" where 1=0
1718871425499|0|statement|select * from "public"."address" where 1=0
1718871425508|0|statement|select * from "public"."account" where 1=0
1718871425510|0|statement|select * from "public"."event" where 1=0
1718871425520|0|statement|select * from "public"."event" where 1=0
1718871425530|1|statement|select * from "public"."lan_event" where 1=0
1718871425542|1|statement|select * from "public"."party_event" where 1=0
1718871452208|12|statement|select * from information_schema.sequences
1718871452284|1|statement|select * from "public"."address" where 1=0
1718871452292|0|statement|select * from "public"."address" where 1=0
1718871452311|3|statement|select * from "public"."account" where 1=0
1718871452329|1|statement|select * from "public"."board_game_event" where 1=0
1718871452347|0|statement|select * from "public"."account" where 1=0
1718871452349|0|statement|select * from "public"."account" where 1=0
1718871452353|0|statement|select * from "public"."account" where 1=0
1718871452355|0|statement|select * from "public"."account" where 1=0
1718871452370|0|statement|select * from "public"."account" where 1=0
1718871452374|2|statement|select * from "public"."event" where 1=0
1718871452393|0|statement|select * from "public"."account" where 1=0
1718871452395|0|statement|select * from "public"."account" where 1=0
1718871452397|0|statement|select * from "public"."address" where 1=0
1718871452410|0|statement|select * from "public"."account" where 1=0
1718871452413|0|statement|select * from "public"."event" where 1=0
1718871452426|0|statement|select * from "public"."event" where 1=0
1718871452442|1|statement|select * from "public"."lan_event" where 1=0
1718871452460|1|statement|select * from "public"."party_event" where 1=0
1718871497121|13|statement|select * from information_schema.sequences
1718871497193|1|statement|select * from "public"."address" where 1=0
1718871497203|0|statement|select * from "public"."address" where 1=0
1718871497227|3|statement|select * from "public"."account" where 1=0
1718871497247|1|statement|select * from "public"."board_game_event" where 1=0
1718871497267|0|statement|select * from "public"."account" where 1=0
1718871497270|0|statement|select * from "public"."account" where 1=0
1718871497273|0|statement|select * from "public"."account" where 1=0
1718871497277|0|statement|select * from "public"."account" where 1=0
1718871497291|0|statement|select * from "public"."account" where 1=0
1718871497297|2|statement|select * from "public"."event" where 1=0
1718871497314|0|statement|select * from "public"."account" where 1=0
1718871497317|0|statement|select * from "public"."account" where 1=0
1718871497320|0|statement|select * from "public"."address" where 1=0
1718871497333|0|statement|select * from "public"."account" where 1=0
1718871497335|0|statement|select * from "public"."event" where 1=0
1718871497349|0|statement|select * from "public"."event" where 1=0
1718871497366|1|statement|select * from "public"."lan_event" where 1=0
1718871497383|1|statement|select * from "public"."party_event" where 1=0
1718871652481|8|statement|select * from information_schema.sequences
1718871652524|1|statement|select * from "public"."address" where 1=0
1718871652530|0|statement|select * from "public"."address" where 1=0
1718871652547|2|statement|select * from "public"."account" where 1=0
1718871652560|1|statement|select * from "public"."board_game_event" where 1=0
1718871652571|0|statement|select * from "public"."account" where 1=0
1718871652573|0|statement|select * from "public"."account" where 1=0
1718871652575|0|statement|select * from "public"."account" where 1=0
1718871652577|0|statement|select * from "public"."account" where 1=0
1718871652587|0|statement|select * from "public"."account" where 1=0
1718871652590|1|statement|select * from "public"."event" where 1=0
1718871652601|0|statement|select * from "public"."account" where 1=0
1718871652602|0|statement|select * from "public"."account" where 1=0
1718871652604|0|statement|select * from "public"."address" where 1=0
1718871652613|0|statement|select * from "public"."account" where 1=0
1718871652615|0|statement|select * from "public"."event" where 1=0
1718871652624|0|statement|select * from "public"."event" where 1=0
1718871652636|1|statement|select * from "public"."lan_event" where 1=0
1718871652651|1|statement|select * from "public"."party_event" where 1=0
1718872058668|8|statement|select * from information_schema.sequences
1718872058704|7|statement|alter table if exists demand add column event_id bigint
1718872058731|0|statement|select * from "public"."address" where 1=0
1718872058737|0|statement|select * from "public"."address" where 1=0
1718872058750|2|statement|select * from "public"."account" where 1=0
1718872058761|0|statement|select * from "public"."board_game_event" where 1=0
1718872058772|0|statement|select * from "public"."account" where 1=0
1718872058774|0|statement|select * from "public"."account" where 1=0
1718872058777|0|statement|select * from "public"."account" where 1=0
1718872058779|0|statement|select * from "public"."account" where 1=0
1718872058789|0|statement|select * from "public"."account" where 1=0
1718872058792|1|statement|select * from "public"."event" where 1=0
1718872058808|13|statement|alter table if exists demand add constraint FK7j4oqnft1v4g9cb7tdn0er1ff foreign key (event_id) references event
1718872058816|0|statement|select * from "public"."account" where 1=0
1718872058817|0|statement|select * from "public"."account" where 1=0
1718872058819|0|statement|select * from "public"."address" where 1=0
1718872058827|0|statement|select * from "public"."account" where 1=0
1718872058829|0|statement|select * from "public"."event" where 1=0
1718872058837|0|statement|select * from "public"."event" where 1=0
1718872058845|0|statement|select * from "public"."lan_event" where 1=0
1718872058857|1|statement|select * from "public"."party_event" where 1=0
1718872124376|8|statement|select * from information_schema.sequences
1718872124421|1|statement|select * from "public"."address" where 1=0
1718872124427|0|statement|select * from "public"."address" where 1=0
1718872124442|2|statement|select * from "public"."account" where 1=0
1718872124454|1|statement|select * from "public"."board_game_event" where 1=0
1718872124465|0|statement|select * from "public"."account" where 1=0
1718872124467|0|statement|select * from "public"."account" where 1=0
1718872124469|0|statement|select * from "public"."account" where 1=0
1718872124471|0|statement|select * from "public"."account" where 1=0
1718872124481|0|statement|select * from "public"."account" where 1=0
1718872124484|1|statement|select * from "public"."event" where 1=0
1718872124488|0|statement|select * from "public"."event" where 1=0
1718872124498|0|statement|select * from "public"."account" where 1=0
1718872124500|0|statement|select * from "public"."account" where 1=0
1718872124502|0|statement|select * from "public"."address" where 1=0
1718872124510|0|statement|select * from "public"."account" where 1=0
1718872124511|0|statement|select * from "public"."event" where 1=0
1718872124520|0|statement|select * from "public"."event" where 1=0
1718872124529|1|statement|select * from "public"."lan_event" where 1=0
1718872124542|1|statement|select * from "public"."party_event" where 1=0
1718872159804|6|statement|select * from information_schema.sequences
1718872159850|0|statement|select * from "public"."address" where 1=0
1718872159856|0|statement|select * from "public"."address" where 1=0
1718872159867|1|statement|select * from "public"."account" where 1=0
1718872159879|1|statement|select * from "public"."board_game_event" where 1=0
1718872159890|0|statement|select * from "public"."account" where 1=0
1718872159892|0|statement|select * from "public"."account" where 1=0
1718872159894|0|statement|select * from "public"."account" where 1=0
1718872159896|0|statement|select * from "public"."account" where 1=0
1718872159906|0|statement|select * from "public"."account" where 1=0
1718872159909|1|statement|select * from "public"."event" where 1=0
1718872159914|0|statement|select * from "public"."event" where 1=0
1718872159923|0|statement|select * from "public"."account" where 1=0
1718872159925|0|statement|select * from "public"."account" where 1=0
1718872159926|0|statement|select * from "public"."address" where 1=0
1718872159935|0|statement|select * from "public"."account" where 1=0
1718872159936|0|statement|select * from "public"."event" where 1=0
1718872159945|0|statement|select * from "public"."event" where 1=0
1718872159954|1|statement|select * from "public"."lan_event" where 1=0
1718872159966|1|statement|select * from "public"."party_event" where 1=0
1718874498255|0|rollback|
1718874517530|0|rollback|
1718874562377|0|rollback|
1718874582273|20|statement|insert into event (address,alcool_allowed,capacity,date,description,event_type,event_type_id,name,organizer,price) values (NULL,true,0,'2024-06-20T10:55:11.868+0200','description','LAN_EVENT',0,'string',NULL,0.0)
1718874582288|1|rollback|
1718874616674|0|statement|insert into event (address,alcool_allowed,capacity,date,description,event_type,event_type_id,name,organizer,price) values (NULL,true,0,'2024-06-20T10:55:11.868+0200','description','LAN_EVENT',0,'string',NULL,0.0)
1718874616698|23|statement|insert into demand (event_id,is_accepted,account) values (0,true,NULL)
1718874616706|0|rollback|
1718874645794|0|statement|insert into event (address,alcool_allowed,capacity,date,description,event_type,event_type_id,name,organizer,price) values (NULL,true,0,'2024-06-20T10:55:11.868+0200','description','LAN_EVENT',NULL,'string',NULL,0.0)
1718874645798|2|statement|insert into demand (event_id,is_accepted,account) values (NULL,true,NULL)
1718874645805|0|rollback|
1718874697411|0|statement|insert into event (address,alcool_allowed,capacity,date,description,event_type,event_type_id,name,organizer,price) values (NULL,true,0,'2024-06-20T10:55:11.868+0200','description','LAN_EVENT',NULL,'string',NULL,0.0)
1718874697413|0|rollback|
1718874721089|1|statement|insert into event (address,alcool_allowed,capacity,date,description,event_type,event_type_id,name,organizer,price) values (NULL,true,0,'2024-06-20T10:55:11.868+0200','description','LAN_EVENT',NULL,'string',NULL,0.0)
1718874721121|2|statement|insert into event_requirements (event_event_id,requirements) values (5,'string')
1718874721125|1|commit|
1718874729957|0|statement|select e1_0.event_id,e1_0.address,e1_0.alcool_allowed,e1_0.capacity,e1_0.date,e1_0.description,e1_0.event_type,e1_0.event_type_id,e1_0.name,e1_0.organizer,e1_0.price from event e1_0
1718874729968|0|commit|
1718874729977|2|statement|select p1_0.event_id,p1_1.account_id,p1_1.address,p1_1.birth_date,p1_1.description,p1_1.email,p1_1.password,p1_1.rating from event_participants p1_0 join account p1_1 on p1_1.account_id=p1_0.account_id where p1_0.event_id=5
1718874729978|0|statement|select d1_0.event_id,d1_0.id,d1_0.is_accepted,d1_0.account from demand d1_0 where d1_0.event_id=5
1718874729979|0|statement|select r1_0.event_event_id,r1_0.requirements from event_requirements r1_0 where r1_0.event_event_id=5
1718875426709|0|statement|select e1_0.event_id,e1_0.address,e1_0.alcool_allowed,e1_0.capacity,e1_0.date,e1_0.description,e1_0.event_type,e1_0.event_type_id,e1_0.name,e1_0.organizer,e1_0.price from event e1_0 where e1_0.event_id=5
1718875426710|0|commit|
1718875426711|0|statement|select p1_0.event_id,p1_1.account_id,p1_1.address,p1_1.birth_date,p1_1.description,p1_1.email,p1_1.password,p1_1.rating from event_participants p1_0 join account p1_1 on p1_1.account_id=p1_0.account_id where p1_0.event_id=5
1718875426712|0|statement|select d1_0.event_id,d1_0.id,d1_0.is_accepted,d1_0.account from demand d1_0 where d1_0.event_id=5
1718875426713|0|statement|select r1_0.event_event_id,r1_0.requirements from event_requirements r1_0 where r1_0.event_event_id=5
1718875932659|3|statement|select e1_0.event_id,e1_0.address,e1_0.alcool_allowed,e1_0.capacity,e1_0.date,e1_0.description,e1_0.event_type,e1_0.event_type_id,e1_0.name,e1_0.organizer,e1_0.price from event e1_0 where e1_0.event_id=5
1718875932661|0|commit|
1718875932664|2|statement|select p1_0.event_id,p1_1.account_id,p1_1.address,p1_1.birth_date,p1_1.description,p1_1.email,p1_1.password,p1_1.rating from event_participants p1_0 join account p1_1 on p1_1.account_id=p1_0.account_id where p1_0.event_id=5
1718875932665|0|statement|select d1_0.event_id,d1_0.id,d1_0.is_accepted,d1_0.account from demand d1_0 where d1_0.event_id=5
1718875932666|0|statement|select r1_0.event_event_id,r1_0.requirements from event_requirements r1_0 where r1_0.event_event_id=5
1718876550222|0|statement|select e1_0.event_id,e1_0.address,e1_0.alcool_allowed,e1_0.capacity,e1_0.date,e1_0.description,e1_0.event_type,e1_0.event_type_id,e1_0.name,e1_0.organizer,e1_0.price from event e1_0 where e1_0.event_id=5
1718876550224|0|commit|
1718876550307|14|statement|update event set address=NULL,alcool_allowed=true,capacity=0,date='2024-06-20T10:55:11.868+0200',description='description333',event_type='LAN_EVENT',event_type_id=NULL,name='string',organizer=NULL,price=0.0 where event_id=5
1718876550313|2|commit|
1718876550315|0|statement|select p1_0.event_id,p1_1.account_id,p1_1.address,p1_1.birth_date,p1_1.description,p1_1.email,p1_1.password,p1_1.rating from event_participants p1_0 join account p1_1 on p1_1.account_id=p1_0.account_id where p1_0.event_id=5
1718876550316|0|statement|select d1_0.event_id,d1_0.id,d1_0.is_accepted,d1_0.account from demand d1_0 where d1_0.event_id=5
1718876550317|0|statement|select r1_0.event_event_id,r1_0.requirements from event_requirements r1_0 where r1_0.event_event_id=5
1718876633550|12|statement|select * from information_schema.sequences
1718876633603|0|statement|select * from "public"."address" where 1=0
1718876633609|0|statement|select * from "public"."address" where 1=0
1718876633621|1|statement|select * from "public"."account" where 1=0
1718876633634|0|statement|select * from "public"."board_game_event" where 1=0
1718876633646|0|statement|select * from "public"."account" where 1=0
1718876633648|0|statement|select * from "public"."account" where 1=0
1718876633650|0|statement|select * from "public"."account" where 1=0
1718876633652|0|statement|select * from "public"."account" where 1=0
1718876633662|0|statement|select * from "public"."account" where 1=0
1718876633666|1|statement|select * from "public"."event" where 1=0
1718876633670|0|statement|select * from "public"."event" where 1=0
1718876633679|0|statement|select * from "public"."account" where 1=0
1718876633682|0|statement|select * from "public"."account" where 1=0
1718876633684|0|statement|select * from "public"."address" where 1=0
1718876633693|0|statement|select * from "public"."account" where 1=0
1718876633695|0|statement|select * from "public"."event" where 1=0
1718876633705|0|statement|select * from "public"."event" where 1=0
1718876633715|1|statement|select * from "public"."lan_event" where 1=0
1718876633728|0|statement|select * from "public"."party_event" where 1=0
1718876644196|2|statement|select e1_0.event_id,e1_0.address,e1_0.alcool_allowed,e1_0.capacity,e1_0.date,e1_0.description,e1_0.event_type,e1_0.event_type_id,e1_0.name,e1_0.organizer,e1_0.price from event e1_0 where e1_0.event_id=5
1718876644241|1|commit|
1718876644312|2|statement|update event set address=NULL,alcool_allowed=true,capacity=0,date='2024-06-20T10:55:11.868+0200',description='description5',event_type='LAN_EVENT',event_type_id=NULL,name='string',organizer=NULL,price=0.0 where event_id=5
1718876644318|1|commit|
1718876644330|1|statement|select p1_0.event_id,p1_1.account_id,p1_1.address,p1_1.birth_date,p1_1.description,p1_1.email,p1_1.password,p1_1.rating from event_participants p1_0 join account p1_1 on p1_1.account_id=p1_0.account_id where p1_0.event_id=5
1718876644336|1|statement|select d1_0.event_id,d1_0.id,d1_0.is_accepted,d1_0.account from demand d1_0 where d1_0.event_id=5
1718876644338|1|statement|select r1_0.event_event_id,r1_0.requirements from event_requirements r1_0 where r1_0.event_event_id=5
1718876647870|0|statement|select e1_0.event_id,e1_0.address,e1_0.alcool_allowed,e1_0.capacity,e1_0.date,e1_0.description,e1_0.event_type,e1_0.event_type_id,e1_0.name,e1_0.organizer,e1_0.price from event e1_0 where e1_0.event_id=5
1718876647872|0|commit|
1718876647874|0|commit|
1718876647875|0|statement|select p1_0.event_id,p1_1.account_id,p1_1.address,p1_1.birth_date,p1_1.description,p1_1.email,p1_1.password,p1_1.rating from event_participants p1_0 join account p1_1 on p1_1.account_id=p1_0.account_id where p1_0.event_id=5
1718876647876|0|statement|select d1_0.event_id,d1_0.id,d1_0.is_accepted,d1_0.account from demand d1_0 where d1_0.event_id=5
1718876647877|0|statement|select r1_0.event_event_id,r1_0.requirements from event_requirements r1_0 where r1_0.event_event_id=5
1718876649168|0|statement|select e1_0.event_id,e1_0.address,e1_0.alcool_allowed,e1_0.capacity,e1_0.date,e1_0.description,e1_0.event_type,e1_0.event_type_id,e1_0.name,e1_0.organizer,e1_0.price from event e1_0 where e1_0.event_id=5
1718876649169|0|commit|
1718876649171|0|commit|
1718876649172|0|statement|select p1_0.event_id,p1_1.account_id,p1_1.address,p1_1.birth_date,p1_1.description,p1_1.email,p1_1.password,p1_1.rating from event_participants p1_0 join account p1_1 on p1_1.account_id=p1_0.account_id where p1_0.event_id=5
1718876649173|0|statement|select d1_0.event_id,d1_0.id,d1_0.is_accepted,d1_0.account from demand d1_0 where d1_0.event_id=5
1718876649174|0|statement|select r1_0.event_event_id,r1_0.requirements from event_requirements r1_0 where r1_0.event_event_id=5
1718876650157|0|statement|select e1_0.event_id,e1_0.address,e1_0.alcool_allowed,e1_0.capacity,e1_0.date,e1_0.description,e1_0.event_type,e1_0.event_type_id,e1_0.name,e1_0.organizer,e1_0.price from event e1_0 where e1_0.event_id=5
1718876650158|0|commit|
1718876650160|0|commit|
1718876650162|0|statement|select p1_0.event_id,p1_1.account_id,p1_1.address,p1_1.birth_date,p1_1.description,p1_1.email,p1_1.password,p1_1.rating from event_participants p1_0 join account p1_1 on p1_1.account_id=p1_0.account_id where p1_0.event_id=5
1718876650162|0|statement|select d1_0.event_id,d1_0.id,d1_0.is_accepted,d1_0.account from demand d1_0 where d1_0.event_id=5
1718876650163|0|statement|select r1_0.event_event_id,r1_0.requirements from event_requirements r1_0 where r1_0.event_event_id=5
1718876905766|6|statement|select * from information_schema.sequences
1718876905808|0|statement|select * from "public"."address" where 1=0
1718876905814|0|statement|select * from "public"."address" where 1=0
1718876905826|1|statement|select * from "public"."account" where 1=0
1718876905839|0|statement|select * from "public"."board_game_event" where 1=0
1718876905851|0|statement|select * from "public"."account" where 1=0
1718876905853|0|statement|select * from "public"."account" where 1=0
1718876905855|0|statement|select * from "public"."account" where 1=0
1718876905857|0|statement|select * from "public"."account" where 1=0
1718876905866|0|statement|select * from "public"."account" where 1=0
1718876905870|1|statement|select * from "public"."event" where 1=0
1718876905874|0|statement|select * from "public"."event" where 1=0
1718876905884|0|statement|select * from "public"."account" where 1=0
1718876905885|0|statement|select * from "public"."account" where 1=0
1718876905887|0|statement|select * from "public"."address" where 1=0
1718876905896|0|statement|select * from "public"."account" where 1=0
1718876905898|0|statement|select * from "public"."event" where 1=0
1718876905907|0|statement|select * from "public"."event" where 1=0
1718876905917|0|statement|select * from "public"."lan_event" where 1=0
1718876905929|0|statement|select * from "public"."party_event" where 1=0
1718876954217|1|statement|select e1_0.event_id,e1_0.address,e1_0.alcool_allowed,e1_0.capacity,e1_0.date,e1_0.description,e1_0.event_type,e1_0.event_type_id,e1_0.name,e1_0.organizer,e1_0.price from event e1_0
1718876954258|1|commit|
1718876954274|0|statement|select p1_0.event_id,p1_1.account_id,p1_1.address,p1_1.birth_date,p1_1.description,p1_1.email,p1_1.password,p1_1.rating from event_participants p1_0 join account p1_1 on p1_1.account_id=p1_0.account_id where p1_0.event_id=5
1718876954279|1|statement|select d1_0.event_id,d1_0.id,d1_0.is_accepted,d1_0.account from demand d1_0 where d1_0.event_id=5
1718876954280|0|statement|select r1_0.event_event_id,r1_0.requirements from event_requirements r1_0 where r1_0.event_event_id=5
1718877245168|8|statement|select * from information_schema.sequences
1718877245219|1|statement|select * from "public"."address" where 1=0
1718877245225|0|statement|select * from "public"."address" where 1=0
1718877245239|2|statement|select * from "public"."account" where 1=0
1718877245252|1|statement|select * from "public"."board_game_event" where 1=0
1718877245264|0|statement|select * from "public"."account" where 1=0
1718877245266|0|statement|select * from "public"."account" where 1=0
1718877245268|0|statement|select * from "public"."account" where 1=0
1718877245270|0|statement|select * from "public"."account" where 1=0
1718877245280|0|statement|select * from "public"."account" where 1=0
1718877245284|1|statement|select * from "public"."event" where 1=0
1718877245288|0|statement|select * from "public"."event" where 1=0
1718877245297|0|statement|select * from "public"."account" where 1=0
1718877245299|0|statement|select * from "public"."account" where 1=0
1718877245300|0|statement|select * from "public"."address" where 1=0
1718877245310|0|statement|select * from "public"."account" where 1=0
1718877245313|0|statement|select * from "public"."event" where 1=0
1718877245322|0|statement|select * from "public"."event" where 1=0
1718877245333|1|statement|select * from "public"."lan_event" where 1=0
1718877245346|0|statement|select * from "public"."party_event" where 1=0
1718877248350|1|statement|select e1_0.event_id,e1_0.address,e1_0.alcool_allowed,e1_0.capacity,e1_0.date,e1_0.description,e1_0.event_type,e1_0.event_type_id,e1_0.name,e1_0.organizer,e1_0.price from event e1_0
1718877248369|0|commit|
1718877248378|0|statement|select p1_0.event_id,p1_1.account_id,p1_1.address,p1_1.birth_date,p1_1.description,p1_1.email,p1_1.password,p1_1.rating from event_participants p1_0 join account p1_1 on p1_1.account_id=p1_0.account_id where p1_0.event_id=5
1718877248381|1|statement|select d1_0.event_id,d1_0.id,d1_0.is_accepted,d1_0.account from demand d1_0 where d1_0.event_id=5
1718877248382|0|statement|select r1_0.event_event_id,r1_0.requirements from event_requirements r1_0 where r1_0.event_event_id=5
1718877254840|0|statement|select e1_0.event_id,e1_0.address,e1_0.alcool_allowed,e1_0.capacity,e1_0.date,e1_0.description,e1_0.event_type,e1_0.event_type_id,e1_0.name,e1_0.organizer,e1_0.price from event e1_0 where e1_0.event_id=5
1718877254842|0|commit|
1718877254843|0|statement|select p1_0.event_id,p1_1.account_id,p1_1.address,p1_1.birth_date,p1_1.description,p1_1.email,p1_1.password,p1_1.rating from event_participants p1_0 join account p1_1 on p1_1.account_id=p1_0.account_id where p1_0.event_id=5
1718877254845|0|statement|select d1_0.event_id,d1_0.id,d1_0.is_accepted,d1_0.account from demand d1_0 where d1_0.event_id=5
1718877254846|0|statement|select r1_0.event_event_id,r1_0.requirements from event_requirements r1_0 where r1_0.event_event_id=5
1718877263168|0|statement|select e1_0.event_id,e1_0.address,e1_0.alcool_allowed,e1_0.capacity,e1_0.date,e1_0.description,e1_0.event_type,e1_0.event_type_id,e1_0.name,e1_0.organizer,e1_0.price from event e1_0 where e1_0.event_id=5
1718877263170|0|commit|
1718877263230|2|statement|update event set address=NULL,alcool_allowed=true,capacity=0,date='2024-06-20T10:55:11.868+0200',description='description5A',event_type='LAN_EVENT',event_type_id=NULL,name='string',organizer=NULL,price=0.0 where event_id=5
1718877263234|1|commit|
1718877263236|0|statement|select p1_0.event_id,p1_1.account_id,p1_1.address,p1_1.birth_date,p1_1.description,p1_1.email,p1_1.password,p1_1.rating from event_participants p1_0 join account p1_1 on p1_1.account_id=p1_0.account_id where p1_0.event_id=5
1718877263237|0|statement|select d1_0.event_id,d1_0.id,d1_0.is_accepted,d1_0.account from demand d1_0 where d1_0.event_id=5
1718877263238|0|statement|select r1_0.event_event_id,r1_0.requirements from event_requirements r1_0 where r1_0.event_event_id=5
1718877268086|0|statement|select e1_0.event_id,e1_0.address,e1_0.alcool_allowed,e1_0.capacity,e1_0.date,e1_0.description,e1_0.event_type,e1_0.event_type_id,e1_0.name,e1_0.organizer,e1_0.price from event e1_0 where e1_0.event_id=5
1718877268089|0|commit|
1718877268090|0|statement|select p1_0.event_id,p1_1.account_id,p1_1.address,p1_1.birth_date,p1_1.description,p1_1.email,p1_1.password,p1_1.rating from event_participants p1_0 join account p1_1 on p1_1.account_id=p1_0.account_id where p1_0.event_id=5
1718877268091|0|statement|select d1_0.event_id,d1_0.id,d1_0.is_accepted,d1_0.account from demand d1_0 where d1_0.event_id=5
1718877268093|0|statement|select r1_0.event_event_id,r1_0.requirements from event_requirements r1_0 where r1_0.event_event_id=5
1718884698257|15|statement|select * from information_schema.sequences
1718884698311|1|statement|select * from "public"."address" where 1=0
1718884698318|0|statement|select * from "public"."address" where 1=0
1718884698332|2|statement|select * from "public"."account" where 1=0
1718884698346|1|statement|select * from "public"."board_game_event" where 1=0
1718884698359|0|statement|select * from "public"."account" where 1=0
1718884698361|0|statement|select * from "public"."account" where 1=0
1718884698363|0|statement|select * from "public"."account" where 1=0
1718884698365|0|statement|select * from "public"."account" where 1=0
1718884698375|0|statement|select * from "public"."account" where 1=0
1718884698379|1|statement|select * from "public"."event" where 1=0
1718884698382|0|statement|select * from "public"."event" where 1=0
1718884698392|0|statement|select * from "public"."account" where 1=0
1718884698394|0|statement|select * from "public"."account" where 1=0
1718884698396|0|statement|select * from "public"."address" where 1=0
1718884698406|0|statement|select * from "public"."account" where 1=0
1718884698408|0|statement|select * from "public"."event" where 1=0
1718884698417|0|statement|select * from "public"."event" where 1=0
1718884698428|0|statement|select * from "public"."lan_event" where 1=0
1718884698441|1|statement|select * from "public"."party_event" where 1=0
1718884706108|1|statement|select e1_0.event_id,e1_0.address,e1_0.alcool_allowed,e1_0.capacity,e1_0.date,e1_0.description,e1_0.event_type,e1_0.event_type_id,e1_0.name,e1_0.organizer,e1_0.price from event e1_0 where e1_0.event_id=5
1718884706123|0|commit|
1718884706130|0|statement|select p1_0.event_id,p1_1.account_id,p1_1.address,p1_1.birth_date,p1_1.description,p1_1.email,p1_1.password,p1_1.rating from event_participants p1_0 join account p1_1 on p1_1.account_id=p1_0.account_id where p1_0.event_id=5
1718884706133|1|statement|select d1_0.event_id,d1_0.id,d1_0.is_accepted,d1_0.account from demand d1_0 where d1_0.event_id=5
1718884706135|0|statement|select r1_0.event_event_id,r1_0.requirements from event_requirements r1_0 where r1_0.event_event_id=5
1718885022384|8|statement|select * from information_schema.sequences
1718885022440|32|statement|alter table if exists demand add column demand_id bigserial not null
1718885022466|0|statement|select * from "public"."address" where 1=0
1718885022472|0|statement|select * from "public"."address" where 1=0
1718885022485|1|statement|select * from "public"."account" where 1=0
1718885022498|1|statement|select * from "public"."board_game_event" where 1=0
1718885022510|0|statement|select * from "public"."account" where 1=0
1718885022512|0|statement|select * from "public"."account" where 1=0
1718885022515|0|statement|select * from "public"."account" where 1=0
1718885022517|0|statement|select * from "public"."account" where 1=0
1718885022527|0|statement|select * from "public"."account" where 1=0
1718885022531|1|statement|select * from "public"."event" where 1=0
1718885022535|0|statement|select * from "public"."event" where 1=0
1718885022545|0|statement|select * from "public"."account" where 1=0
1718885022547|0|statement|select * from "public"."account" where 1=0
1718885022551|0|statement|select * from "public"."address" where 1=0
1718885022560|0|statement|select * from "public"."account" where 1=0
1718885022562|0|statement|select * from "public"."event" where 1=0
1718885022573|0|statement|select * from "public"."event" where 1=0
1718885022585|1|statement|select * from "public"."lan_event" where 1=0
1718885022597|1|statement|select * from "public"."party_event" where 1=0
1718885599443|16|statement|select e1_0.event_id,e1_0.address,e1_0.alcool_allowed,e1_0.capacity,e1_0.date,e1_0.description,e1_0.event_type,e1_0.event_type_id,e1_0.name,e1_0.organizer,e1_0.price from event e1_0 join address a1_0 on a1_0.address_id=e1_0.address where (NULL is null or a1_0.city=NULL) and (NULL is null or e1_0.event_type=NULL) and (NULL is null or e1_0.capacity<=NULL) and (NULL is null or e1_0.price<=NULL) and (NULL is null or e1_0.date=NULL) offset 0 rows fetch first 5 rows only
1718885711562|1|statement|select e1_0.event_id,e1_0.address,e1_0.alcool_allowed,e1_0.capacity,e1_0.date,e1_0.description,e1_0.event_type,e1_0.event_type_id,e1_0.name,e1_0.organizer,e1_0.price from event e1_0
1718885711579|0|commit|
1718885711585|0|statement|select p1_0.event_id,p1_1.account_id,p1_1.address,p1_1.birth_date,p1_1.description,p1_1.email,p1_1.password,p1_1.rating from event_participants p1_0 join account p1_1 on p1_1.account_id=p1_0.account_id where p1_0.event_id=5
1718885711590|3|statement|select d1_0.event_id,d1_0.demand_id,d1_0.is_accepted,d1_0.account from demand d1_0 where d1_0.event_id=5
1718885711591|0|statement|select r1_0.event_event_id,r1_0.requirements from event_requirements r1_0 where r1_0.event_event_id=5
1718885811690|0|statement|select e1_0.event_id,e1_0.address,e1_0.alcool_allowed,e1_0.capacity,e1_0.date,e1_0.description,e1_0.event_type,e1_0.event_type_id,e1_0.name,e1_0.organizer,e1_0.price from event e1_0
1718885811691|0|commit|
1718885811692|0|statement|select p1_0.event_id,p1_1.account_id,p1_1.address,p1_1.birth_date,p1_1.description,p1_1.email,p1_1.password,p1_1.rating from event_participants p1_0 join account p1_1 on p1_1.account_id=p1_0.account_id where p1_0.event_id=5
1718885811693|0|statement|select d1_0.event_id,d1_0.demand_id,d1_0.is_accepted,d1_0.account from demand d1_0 where d1_0.event_id=5
1718885811694|0|statement|select r1_0.event_event_id,r1_0.requirements from event_requirements r1_0 where r1_0.event_event_id=5
1718885861607|0|statement|select e1_0.event_id,e1_0.address,e1_0.alcool_allowed,e1_0.capacity,e1_0.date,e1_0.description,e1_0.event_type,e1_0.event_type_id,e1_0.name,e1_0.organizer,e1_0.price from event e1_0 join address a1_0 on a1_0.address_id=e1_0.address where (NULL is null or a1_0.city=NULL) and (NULL is null or e1_0.event_type=NULL) and (NULL is null or e1_0.capacity<=NULL) and (NULL is null or e1_0.price<=NULL) and (NULL is null or e1_0.date=NULL) offset 0 rows fetch first 5 rows only
1718886087773|11|statement|select * from information_schema.sequences
1718886087822|1|statement|select * from "public"."address" where 1=0
1718886087829|0|statement|select * from "public"."address" where 1=0
1718886087842|2|statement|select * from "public"."account" where 1=0
1718886087854|0|statement|select * from "public"."board_game_event" where 1=0
1718886087867|0|statement|select * from "public"."account" where 1=0
1718886087874|0|statement|select * from "public"."account" where 1=0
1718886087877|0|statement|select * from "public"."account" where 1=0
1718886087880|0|statement|select * from "public"."account" where 1=0
1718886087891|0|statement|select * from "public"."account" where 1=0
1718886087895|1|statement|select * from "public"."event" where 1=0
1718886087900|0|statement|select * from "public"."event" where 1=0
1718886087911|0|statement|select * from "public"."account" where 1=0
1718886087912|0|statement|select * from "public"."account" where 1=0
1718886087915|0|statement|select * from "public"."address" where 1=0
1718886087925|0|statement|select * from "public"."account" where 1=0
1718886087927|0|statement|select * from "public"."event" where 1=0
1718886087936|0|statement|select * from "public"."event" where 1=0
1718886087949|1|statement|select * from "public"."lan_event" where 1=0
1718886087962|1|statement|select * from "public"."party_event" where 1=0
1718886202572|8|statement|select * from information_schema.sequences
1718886202618|1|statement|select * from "public"."address" where 1=0
1718886202624|0|statement|select * from "public"."address" where 1=0
1718886202637|2|statement|select * from "public"."account" where 1=0
1718886202651|0|statement|select * from "public"."board_game_event" where 1=0
1718886202663|0|statement|select * from "public"."account" where 1=0
1718886202665|0|statement|select * from "public"."account" where 1=0
1718886202666|0|statement|select * from "public"."account" where 1=0
1718886202669|0|statement|select * from "public"."account" where 1=0
1718886202679|0|statement|select * from "public"."account" where 1=0
1718886202683|1|statement|select * from "public"."event" where 1=0
1718886202687|0|statement|select * from "public"."event" where 1=0
1718886202698|0|statement|select * from "public"."account" where 1=0
1718886202700|0|statement|select * from "public"."account" where 1=0
1718886202701|0|statement|select * from "public"."address" where 1=0
1718886202711|0|statement|select * from "public"."account" where 1=0
1718886202714|0|statement|select * from "public"."event" where 1=0
1718886202723|0|statement|select * from "public"."event" where 1=0
1718886202734|1|statement|select * from "public"."lan_event" where 1=0
1718886202746|0|statement|select * from "public"."party_event" where 1=0
1718886389802|7|statement|select * from information_schema.sequences
1718886389844|0|statement|select * from "public"."address" where 1=0
1718886389850|0|statement|select * from "public"."address" where 1=0
1718886389862|1|statement|select * from "public"."account" where 1=0
1718886389876|0|statement|select * from "public"."board_game_event" where 1=0
1718886389888|0|statement|select * from "public"."account" where 1=0
1718886389890|0|statement|select * from "public"."account" where 1=0
1718886389893|0|statement|select * from "public"."account" where 1=0
1718886389895|0|statement|select * from "public"."account" where 1=0
1718886389906|0|statement|select * from "public"."account" where 1=0
1718886389909|1|statement|select * from "public"."event" where 1=0
1718886389914|0|statement|select * from "public"."event" where 1=0
1718886389923|0|statement|select * from "public"."account" where 1=0
1718886389925|0|statement|select * from "public"."account" where 1=0
1718886389927|0|statement|select * from "public"."address" where 1=0
1718886389936|0|statement|select * from "public"."account" where 1=0
1718886389938|0|statement|select * from "public"."event" where 1=0
1718886389948|0|statement|select * from "public"."event" where 1=0
1718886389961|0|statement|select * from "public"."lan_event" where 1=0
1718886389974|0|statement|select * from "public"."party_event" where 1=0
1718886396159|4|statement|select e1_0.event_id,e1_0.address,e1_0.alcool_allowed,e1_0.capacity,e1_0.date,e1_0.description,e1_0.event_type,e1_0.event_type_id,e1_0.name,e1_0.organizer,e1_0.price from event e1_0 join address a1_0 on a1_0.address_id=e1_0.address where ('Paris' is null or a1_0.city='Paris') and (NULL is null or e1_0.event_type=NULL) and (NULL is null or e1_0.capacity<=NULL) and (50.0 is null or e1_0.price<=50.0) and (NULL is null or e1_0.date=NULL) offset 0 rows fetch first 10 rows only
1718886751122|0|statement|select e1_0.event_id,e1_0.address,e1_0.alcool_allowed,e1_0.capacity,e1_0.date,e1_0.description,e1_0.event_type,e1_0.event_type_id,e1_0.name,e1_0.organizer,e1_0.price from event e1_0 join address a1_0 on a1_0.address_id=e1_0.address where ('Paris' is null or a1_0.city='Paris') and (NULL is null or e1_0.event_type=NULL) and (NULL is null or e1_0.capacity<=NULL) and (50.0 is null or e1_0.price<=50.0) and (NULL is null or e1_0.date=NULL) offset 0 rows fetch first 10 rows only
1718887614170|5|statement|select e1_0.event_id,a1_0.address_id,a1_0.city,a1_0.post_code,a1_0.street_name,a1_0.street_number,e1_0.alcool_allowed,e1_0.capacity,e1_0.date,e1_0.description,e1_0.event_type,e1_0.event_type_id,e1_0.name,e1_0.organizer,e1_0.price,d1_0.event_id,d1_0.demand_id,d1_0.is_accepted,d1_0.account from event e1_0 left join address a1_0 on a1_0.address_id=e1_0.address left join demand d1_0 on e1_0.event_id=d1_0.event_id where e1_0.event_id=0
1718887614259|6|statement|insert into event (address,alcool_allowed,capacity,date,description,event_type,event_type_id,name,organizer,price) values (NULL,true,0,'2024-06-20T14:44:49.160+0200','string','BOARD_GAME_EVENT',0,'string',NULL,0.0)
1718887614331|3|commit|
1718887652070|0|statement|select e1_0.event_id,a1_0.address_id,a1_0.city,a1_0.post_code,a1_0.street_name,a1_0.street_number,e1_0.alcool_allowed,e1_0.capacity,e1_0.date,e1_0.description,e1_0.event_type,e1_0.event_type_id,e1_0.name,e1_0.organizer,e1_0.price,d1_0.event_id,d1_0.demand_id,d1_0.is_accepted,d1_0.account from event e1_0 left join address a1_0 on a1_0.address_id=e1_0.address left join demand d1_0 on e1_0.event_id=d1_0.event_id where e1_0.event_id=0
1718887652073|0|statement|insert into event (address,alcool_allowed,capacity,date,description,event_type,event_type_id,name,organizer,price) values (NULL,true,0,'2024-06-20T14:44:49.160+0200','string','BOARD_GAME_EVENT',NULL,'string',NULL,0.0)
1718887652075|0|commit|
1718887698645|2|statement|insert into address (city,post_code,street_name,street_number) values ('paris','22E482Efzf','zfzfzf','2222')
1718887698648|2|statement|insert into event (address,alcool_allowed,capacity,date,description,event_type,event_type_id,name,organizer,price) values (1,true,0,'2024-06-20T14:44:49.160+0200','string','BOARD_GAME_EVENT',NULL,'string',NULL,0.0)
1718887698650|0|commit|
1718888260184|7|statement|select * from information_schema.sequences
1718888260210|6|statement|alter table if exists account add column first_name varchar(255) not null
1718888260211|0|statement|alter table if exists account add column last_name varchar(255) not null
1718888260230|0|statement|select * from "public"."address" where 1=0
1718888260235|0|statement|select * from "public"."address" where 1=0
1718888260247|2|statement|select * from "public"."account" where 1=0
1718888260259|1|statement|select * from "public"."board_game_event" where 1=0
1718888260268|0|statement|select * from "public"."account" where 1=0
1718888260269|0|statement|select * from "public"."account" where 1=0
1718888260270|0|statement|select * from "public"."account" where 1=0
1718888260272|0|statement|select * from "public"."account" where 1=0
1718888260280|0|statement|select * from "public"."account" where 1=0
1718888260283|1|statement|select * from "public"."event" where 1=0
1718888260286|0|statement|select * from "public"."event" where 1=0
1718888260296|0|statement|select * from "public"."account" where 1=0
1718888260297|0|statement|select * from "public"."account" where 1=0
1718888260299|0|statement|select * from "public"."address" where 1=0
1718888260309|0|statement|select * from "public"."account" where 1=0
1718888260310|0|statement|select * from "public"."event" where 1=0
1718888260321|0|statement|select * from "public"."event" where 1=0
1718888260332|0|statement|select * from "public"."lan_event" where 1=0
1718888260344|0|statement|select * from "public"."party_event" where 1=0
1718888273230|3|statement|insert into board_game_event (bring_your_own) values (NULL)
1718888273255|1|commit|
1718888273265|2|statement|insert into address (city,post_code,street_name,street_number) values ('paris','22E482Efzf','zfzfzf','2222')
1718888273283|1|statement|insert into event (address,alcool_allowed,capacity,date,description,event_type,event_type_id,name,organizer,price) values (2,true,0,'2024-06-20T14:44:49.160+0200','string','BOARD_GAME_EVENT',1,'string',NULL,0.0)
1718888273305|0|commit|
1718888462270|0|statement|insert into board_game_event (bring_your_own) values (NULL)
1718888462271|0|commit|
1718888462272|0|statement|insert into address (city,post_code,street_name,street_number) values ('paris','22E482Efzf','zfzfzf','2222')
1718888462273|0|statement|insert into event (address,alcool_allowed,capacity,date,description,event_type,event_type_id,name,organizer,price) values (3,true,0,'2024-06-20T14:44:49.160+0200','string','BOARD_GAME_EVENT',2,'string',NULL,0.0)
1718888462274|0|commit|
1718890080675|1|statement|insert into board_game_event (bring_your_own) values (NULL)
1718890080677|1|commit|
1718890080680|1|statement|insert into address (city,post_code,street_name,street_number) values ('paris','22E482Efzf','zfzfzf','2222')
1718890080684|1|statement|insert into event (address,alcool_allowed,capacity,date,description,event_type,event_type_id,name,organizer,price) values (4,true,0,'2024-06-20T14:44:49.160+0200','string','BOARD_GAME_EVENT',3,'string',NULL,0.0)
1718890080685|0|commit|
1718890263881|5|statement|select * from information_schema.sequences
1718890263917|0|statement|select * from "public"."address" where 1=0
1718890263922|0|statement|select * from "public"."address" where 1=0
1718890263932|1|statement|select * from "public"."account" where 1=0
1718890263942|0|statement|select * from "public"."board_game_event" where 1=0
1718890263952|0|statement|select * from "public"."account" where 1=0
1718890263953|0|statement|select * from "public"."account" where 1=0
1718890263954|0|statement|select * from "public"."account" where 1=0
1718890263956|0|statement|select * from "public"."account" where 1=0
1718890263963|0|statement|select * from "public"."account" where 1=0
1718890263966|1|statement|select * from "public"."event" where 1=0
1718890263969|0|statement|select * from "public"."event" where 1=0
1718890263977|0|statement|select * from "public"."account" where 1=0
1718890263978|0|statement|select * from "public"."account" where 1=0
1718890263979|0|statement|select * from "public"."address" where 1=0
1718890263988|0|statement|select * from "public"."account" where 1=0
1718890263989|0|statement|select * from "public"."event" where 1=0
1718890263998|0|statement|select * from "public"."event" where 1=0
1718890264008|0|statement|select * from "public"."lan_event" where 1=0
1718890264019|1|statement|select * from "public"."party_event" where 1=0
1718890297641|1|statement|insert into board_game_event (bring_your_own) values (NULL)
1718890297650|1|commit|
1718890297653|0|statement|insert into address (city,post_code,street_name,street_number) values ('paris','22E482Efzf','zfzfzf','2222')
1718890297663|1|statement|insert into event (address,alcool_allowed,capacity,date,description,event_type,event_type_id,name,organizer,price) values (5,true,0,'2024-06-20T14:44:49.160+0200','string','BOARD_GAME_EVENT',4,'string',NULL,0.0)
1718890297670|0|commit|
1718890456373|0|statement|insert into board_game_event (bring_your_own) values (NULL)
1718890456374|0|commit|
1718890456375|0|statement|insert into address (city,post_code,street_name,street_number) values ('paris','22E482Efzf','zfzfzf','2222')
1718890456376|0|statement|insert into event (address,alcool_allowed,capacity,date,description,event_type,event_type_id,name,organizer,price) values (6,true,0,'2024-06-20T14:44:49.160+0200','string','BOARD_GAME_EVENT',5,'string',NULL,0.0)
1718890456377|0|commit|
1718890500304|0|statement|insert into board_game_event (bring_your_own) values (NULL)
1718890500306|0|commit|
1718890500307|0|statement|insert into address (city,post_code,street_name,street_number) values ('paris','22E482Efzf','zfzfzf','2222')
1718890500310|0|statement|insert into event (address,alcool_allowed,capacity,date,description,event_type,event_type_id,name,organizer,price) values (7,true,0,'2024-06-20T14:44:49.160+0200','string','BOARD_GAME_EVENT',6,'string',NULL,0.0)
1718890500311|0|commit|
1718890517693|6|statement|select * from information_schema.sequences
1718890517729|0|statement|select * from "public"."address" where 1=0
1718890517734|0|statement|select * from "public"."address" where 1=0
1718890517746|1|statement|select * from "public"."account" where 1=0
1718890517758|1|statement|select * from "public"."board_game_event" where 1=0
1718890517767|0|statement|select * from "public"."account" where 1=0
1718890517769|0|statement|select * from "public"."account" where 1=0
1718890517770|0|statement|select * from "public"."account" where 1=0
1718890517772|0|statement|select * from "public"."account" where 1=0
1718890517780|0|statement|select * from "public"."account" where 1=0
1718890517783|1|statement|select * from "public"."event" where 1=0
1718890517786|0|statement|select * from "public"."event" where 1=0
1718890517795|0|statement|select * from "public"."account" where 1=0
1718890517797|0|statement|select * from "public"."account" where 1=0
1718890517798|0|statement|select * from "public"."address" where 1=0
1718890517807|0|statement|select * from "public"."account" where 1=0
1718890517809|0|statement|select * from "public"."event" where 1=0
1718890517818|0|statement|select * from "public"."event" where 1=0
1718890517828|0|statement|select * from "public"."lan_event" where 1=0
1718890517839|0|statement|select * from "public"."party_event" where 1=0
1718890523262|1|statement|insert into board_game_event (bring_your_own) values (NULL)
1718890523278|2|commit|
1718890523281|0|statement|insert into address (city,post_code,street_name,street_number) values ('paris','22E482Efzf','zfzfzf','2222')
1718890523290|0|statement|insert into event (address,alcool_allowed,capacity,date,description,event_type,event_type_id,name,organizer,price) values (8,true,0,'2024-06-20T14:44:49.160+0200','string','BOARD_GAME_EVENT',7,'string',NULL,0.0)
1718890523296|0|commit|
1718891008373|6|statement|select * from information_schema.sequences
1718891008409|0|statement|select * from "public"."address" where 1=0
1718891008413|0|statement|select * from "public"."address" where 1=0
1718891008425|1|statement|select * from "public"."account" where 1=0
1718891008436|0|statement|select * from "public"."board_game_event" where 1=0
1718891008445|0|statement|select * from "public"."account" where 1=0
1718891008447|0|statement|select * from "public"."account" where 1=0
1718891008449|0|statement|select * from "public"."account" where 1=0
1718891008450|0|statement|select * from "public"."account" where 1=0
1718891008459|0|statement|select * from "public"."account" where 1=0
1718891008462|1|statement|select * from "public"."event" where 1=0
1718891008465|0|statement|select * from "public"."event" where 1=0
1718891008474|0|statement|select * from "public"."account" where 1=0
1718891008475|0|statement|select * from "public"."account" where 1=0
1718891008477|0|statement|select * from "public"."address" where 1=0
1718891008485|0|statement|select * from "public"."account" where 1=0
1718891008486|0|statement|select * from "public"."event" where 1=0
1718891008496|0|statement|select * from "public"."event" where 1=0
1718891008505|0|statement|select * from "public"."lan_event" where 1=0
1718891008515|1|statement|select * from "public"."party_event" where 1=0
1718891014224|1|statement|insert into board_game_event (bring_your_own) values (NULL)
1718891014235|1|commit|
1718891014238|0|statement|insert into address (city,post_code,street_name,street_number) values ('paris','22E482Efzf','zfzfzf','2222')
1718891014247|1|statement|insert into event (address,alcool_allowed,capacity,date,description,event_type,event_type_id,name,organizer,price) values (9,true,0,'2024-06-20T14:44:49.160+0200','string','BOARD_GAME_EVENT',8,'string',NULL,0.0)
1718891014253|0|commit|
1718891042888|0|statement|insert into board_game_event (bring_your_own) values (NULL)
1718891042890|0|commit|
1718891042891|0|statement|insert into address (city,post_code,street_name,street_number) values ('paris','22E482Efzf','zfzfzf','2222')
1718891042894|0|statement|insert into event (address,alcool_allowed,capacity,date,description,event_type,event_type_id,name,organizer,price) values (10,true,0,'2024-06-20T14:44:49.160+0200','string','BOARD_GAME_EVENT',9,'string',NULL,0.0)
1718891042896|0|commit|
1718891053582|0|statement|insert into board_game_event (bring_your_own) values (NULL)
1718891053584|1|commit|
1718891053586|0|statement|insert into address (city,post_code,street_name,street_number) values ('paris','22E482Efzf','zfzfzf','2222')
1718891053588|0|statement|insert into event (address,alcool_allowed,capacity,date,description,event_type,event_type_id,name,organizer,price) values (11,true,0,'2024-06-20T14:44:49.160+0200','string','BOARD_GAME_EVENT',10,'string',NULL,0.0)
1718891053589|0|commit|
1718891071046|0|statement|insert into board_game_event (bring_your_own) values (true)
1718891071048|1|commit|
1718891071050|1|statement|insert into address (city,post_code,street_name,street_number) values ('paris','22E482Efzf','zfzfzf','2222')
1718891071051|0|statement|insert into event (address,alcool_allowed,capacity,date,description,event_type,event_type_id,name,organizer,price) values (12,true,0,'2024-06-20T14:44:49.160+0200','string','BOARD_GAME_EVENT',11,'string',NULL,0.0)
1718891071052|0|commit|
1718891843827|0|statement|insert into board_game_event (bring_your_own) values (true)
1718891843832|1|statement|insert into board_game_event_board_games (board_game_event_board_game_event_id,board_games) values (12,'monopoly')
1718891843833|0|statement|insert into board_game_event_board_games (board_game_event_board_game_event_id,board_games) values (12,'bonne paye')
1718891843834|0|commit|
1718891843836|0|statement|insert into address (city,post_code,street_name,street_number) values ('paris','22E482Efzf','zfzfzf','2222')
1718891843841|2|statement|insert into event (address,alcool_allowed,capacity,date,description,event_type,event_type_id,name,organizer,price) values (13,true,0,'2024-06-20T14:44:49.160+0200','string','BOARD_GAME_EVENT',12,'string',NULL,0.0)
1718891843845|0|commit|
1718891889544|11|statement|insert into board_game_event (bring_your_own) values (true)
1718891889553|0|rollback|
1718891902390|7|statement|select * from information_schema.sequences
1718891902422|11|statement|create table board_game_event (board_game_event_id bigserial not null, bring_your_own boolean, primary key (board_game_event_id))
1718891902439|0|statement|select * from "public"."address" where 1=0
1718891902445|0|statement|select * from "public"."address" where 1=0
1718891902456|1|statement|select * from "public"."account" where 1=0
1718891902473|8|statement|alter table if exists board_game_event_board_games add constraint FKi9tuaqsnskyul53gwjf7ajjxl foreign key (board_game_event_board_game_event_id) references board_game_event
1718891902484|0|statement|select * from "public"."account" where 1=0
1718891902486|0|statement|select * from "public"."account" where 1=0
1718891902487|0|statement|select * from "public"."account" where 1=0
1718891902489|0|statement|select * from "public"."account" where 1=0
1718891902497|0|statement|select * from "public"."account" where 1=0
1718891902500|1|statement|select * from "public"."event" where 1=0
1718891902504|0|statement|select * from "public"."event" where 1=0
1718891902512|0|statement|select * from "public"."account" where 1=0
1718891902514|0|statement|select * from "public"."account" where 1=0
1718891902516|0|statement|select * from "public"."address" where 1=0
1718891902523|0|statement|select * from "public"."account" where 1=0
1718891902524|0|statement|select * from "public"."event" where 1=0
1718891902532|0|statement|select * from "public"."event" where 1=0
1718891902541|0|statement|select * from "public"."lan_event" where 1=0
1718891902552|0|statement|select * from "public"."party_event" where 1=0
1718891990616|7|statement|select * from information_schema.sequences
1718891990638|8|statement|create table account (account_id bigserial not null, birth_date timestamp(6), description varchar(255), email varchar(255) not null, first_name varchar(255) not null, last_name varchar(255) not null, password varchar(255) not null, rating float4, address bigint, primary key (account_id))
1718891990640|0|statement|create table account_preferences (account_account_id bigint not null, preferences varchar(255))
1718891990645|5|statement|create table address (address_id bigserial not null, city varchar(255), post_code varchar(255), street_name varchar(255), street_number varchar(255), primary key (address_id))
1718891990648|2|statement|create table board_game_event (board_game_event_id bigserial not null, bring_your_own boolean, primary key (board_game_event_id))
1718891990649|0|statement|create table board_game_event_board_games (board_game_event_board_game_event_id bigint not null, board_games varchar(255))
1718891990654|4|statement|create table comment (comment_id bigserial not null, content varchar(255), rating integer, title varchar(255), sender bigint, target bigint, primary key (comment_id))
1718891990657|2|statement|create table demand (demand_id bigserial not null, is_accepted boolean, event_id bigint, account bigint, primary key (demand_id))
1718891990663|5|statement|create table event (event_id bigserial not null, alcool_allowed boolean, capacity integer, date timestamp(6), description varchar(255), event_type varchar(255) check (event_type in ('LAN_EVENT','BOARD_GAME_EVENT','PARTY_EVENT')), event_type_id bigint, name varchar(255), price float4, address bigint, organizer bigint, primary key (event_id))
1718891990664|0|statement|create table event_participants (event_id bigint not null, account_id bigint not null)
1718891990665|0|statement|create table event_requirements (event_event_id bigint not null, requirements varchar(255))
1718891990668|2|statement|create table lan_event (lan_event_id bigserial not null, bring_your_own boolean, console varchar(255) check (console in ('PC','PLAYSTATION','XBOX','NINTENDO','OTHER')), primary key (lan_event_id))
1718891990669|0|statement|create table lan_event_video_games (lan_event_lan_event_id bigint not null, video_games varchar(255))
1718891990672|3|statement|create table party_event (party_event_id bigserial not null, primary key (party_event_id))
1718891990673|0|statement|create table party_event_music_type (party_event_party_event_id bigint not null, music_type varchar(255))
1718891990676|2|statement|alter table if exists account drop constraint if exists UK_q0uja26qgu1atulenwup9rxyr
1718891990679|2|statement|alter table if exists account add constraint UK_q0uja26qgu1atulenwup9rxyr unique (email)
1718891990679|0|statement|alter table if exists account drop constraint if exists UK_sa3ur84gbq08s7gjbdo9irci1
1718891990681|1|statement|alter table if exists account add constraint UK_sa3ur84gbq08s7gjbdo9irci1 unique (address)
1718891990682|0|statement|alter table if exists event drop constraint if exists UK_t1o2hx7tpb3cwarktwyv4q1wf
1718891990684|1|statement|alter table if exists event add constraint UK_t1o2hx7tpb3cwarktwyv4q1wf unique (address)
1718891990687|2|statement|alter table if exists account add constraint FK6vu7ra4kvrq5nsqq9bclb9ods foreign key (address) references address
1718891990688|0|statement|alter table if exists account_preferences add constraint FKdmps786x9o49yhxrgnujeoiav foreign key (account_account_id) references account
1718891990689|1|statement|alter table if exists board_game_event_board_games add constraint FKi9tuaqsnskyul53gwjf7ajjxl foreign key (board_game_event_board_game_event_id) references board_game_event
1718891990691|1|statement|alter table if exists comment add constraint FKddwcdp3p5kbn0tu4weld9muu foreign key (sender) references account
1718891990691|0|statement|alter table if exists comment add constraint FKjsnehp6m8jh0yqekg0koi670c foreign key (target) references account
1718891990693|1|statement|alter table if exists demand add constraint FK7j4oqnft1v4g9cb7tdn0er1ff foreign key (event_id) references event
1718891990694|1|statement|alter table if exists demand add constraint FK6g2g4f4u4tljlluh82b9aioek foreign key (account) references account
1718891990695|1|statement|alter table if exists event add constraint FKnecpekdvfo3ndygsii3wl3meu foreign key (address) references address
1718891990697|1|statement|alter table if exists event add constraint FKg2lve37unemw2dcuqp4s6gso1 foreign key (organizer) references account
1718891990698|0|statement|alter table if exists event_participants add constraint FKhk2mb30bhcpv9qraph8sdvylb foreign key (account_id) references account
1718891990699|0|statement|alter table if exists event_participants add constraint FK5232w1ta0icpkemgsxyw8a976 foreign key (event_id) references event
1718891990700|0|statement|alter table if exists event_requirements add constraint FKb3bnmteaa3w99fdkepdt17iu3 foreign key (event_event_id) references event
1718891990702|2|statement|alter table if exists lan_event_video_games add constraint FKol4ggak7evrsd46ungt225qan foreign key (lan_event_lan_event_id) references lan_event
1718891990703|1|statement|alter table if exists party_event_music_type add constraint FKov7wjp62hswr8hfsr6shkkvo6 foreign key (party_event_party_event_id) references party_event
1718892028317|1|statement|insert into board_game_event (bring_your_own) values (true)
1718892028333|1|statement|insert into board_game_event_board_games (board_game_event_board_game_event_id,board_games) values (1,'monopoly')
1718892028334|0|statement|insert into board_game_event_board_games (board_game_event_board_game_event_id,board_games) values (1,'bonne paye')
1718892028336|0|commit|
1718892028339|0|statement|insert into address (city,post_code,street_name,street_number) values ('paris','22E482Efzf','zfzfzf','2222')
1718892028342|1|statement|insert into event (address,alcool_allowed,capacity,date,description,event_type,event_type_id,name,organizer,price) values (1,true,0,'2024-06-20T14:44:49.160+0200','string','BOARD_GAME_EVENT',1,'string',NULL,0.0)
1718892028344|0|commit|
1718892340874|5|statement|select * from information_schema.sequences
1718892340912|0|statement|select * from "public"."address" where 1=0
1718892340925|1|statement|select * from "public"."account" where 1=0
1718892340936|1|statement|select * from "public"."board_game_event" where 1=0
1718892340945|0|statement|select * from "public"."account" where 1=0
1718892340946|0|statement|select * from "public"."account" where 1=0
1718892340953|0|statement|select * from "public"."account" where 1=0
1718892340956|1|statement|select * from "public"."event" where 1=0
1718892340965|0|statement|select * from "public"."account" where 1=0
1718892340966|0|statement|select * from "public"."address" where 1=0
1718892340973|0|statement|select * from "public"."account" where 1=0
1718892340974|0|statement|select * from "public"."event" where 1=0
1718892340981|0|statement|select * from "public"."event" where 1=0
1718892340988|0|statement|select * from "public"."lan_event" where 1=0
1718892340998|0|statement|select * from "public"."party_event" where 1=0
1718892347718|1|statement|insert into board_game_event (bring_your_own) values (true)
1718892347732|1|statement|insert into board_game_event_board_games (board_game_event_board_game_event_id,board_games) values (2,'monopoly')
1718892347733|0|statement|insert into board_game_event_board_games (board_game_event_board_game_event_id,board_games) values (2,'bonne paye')
1718892347737|2|commit|
1718892347739|0|statement|insert into address (city,post_code,street_name,street_number) values ('paris','22E482Efzf','zfzfzf','2222')
1718892347742|0|statement|insert into event (address,alcool_allowed,capacity,date,description,event_type,event_type_id,name,organizer,price) values (2,true,0,'2024-06-20T14:44:49.160+0200','string','BOARD_GAME_EVENT',2,'string',NULL,0.0)
1718892347744|0|commit|
